<?xml version="1.0" encoding="UTF-8"?>
<!-- Generated by org.testng.reporters.JUnitXMLReporter -->
<testsuite hostname="QEDGE12-PC" name="Default test" tests="4" failures="0" timestamp="27 Oct 2016 04:23:38 GMT" time="0.102" errors="0">
  <testcase name="testMethod_A" time="0.022" classname="myPackage.Class_1"/>
  <testcase name="testMethod_B" time="0.016" classname="myPackage.Class_1"/>
  <testcase name="testMethod_A" time="0.002" classname="myPackage.Class_2"/>
  <testcase name="testMethod_B" time="0.015" classname="myPackage.Class_2"/>
</testsuite> <!-- Default test -->
